<?xml version="1.0" encoding="UTF-8"?>
<!-- Generated by org.testng.reporters.JUnitReportReporter -->
<testsuite hostname="TVMA-LAPW0049" failures="0" tests="5" name="testCases.TC003_DDTLoginTest" time="66.200" errors="0" timestamp="2024-06-24T11:31:11 IST" skipped="0">
  <testcase classname="testCases.TC003_DDTLoginTest" name="verify_LoginDDT" time="1.437"/>
  <testcase classname="testCases.TC003_DDTLoginTest" name="verify_LoginDDT" time="20.908"/>
  <testcase classname="testCases.TC003_DDTLoginTest" name="verify_LoginDDT" time="1.479"/>
  <testcase classname="testCases.TC003_DDTLoginTest" name="verify_LoginDDT" time="21.527"/>
  <testcase classname="testCases.TC003_DDTLoginTest" name="verify_LoginDDT" time="20.849"/>
</testsuite> <!-- testCases.TC003_DDTLoginTest -->
