<?xml version="1.0" encoding="UTF-8"?>
<!-- Generated by org.testng.reporters.JUnitReportReporter -->
<testsuite hostname="TVMA-LAPW0049" failures="0" tests="1" name="testCases.TC001_AccountRegistrationTest" time="2.885" errors="0" timestamp="2024-06-24T12:34:09 IST" skipped="0">
  <testcase classname="testCases.TC001_AccountRegistrationTest" name="verifyAccountRegistration" time="2.885"/>
</testsuite> <!-- testCases.TC001_AccountRegistrationTest -->
