<?xml version="1.0" encoding="UTF-8"?>
<!-- Generated by org.testng.reporters.JUnitReportReporter -->
<testsuite hostname="TVMA-LAPW0049" failures="0" tests="5" name="testCases.TC003_DDTLoginTest" time="70.907" errors="0" timestamp="2024-06-25T13:41:37 IST" skipped="0">
  <testcase classname="testCases.TC003_DDTLoginTest" name="verify_LoginDDT" time="20.870"/>
  <testcase classname="testCases.TC003_DDTLoginTest" name="verify_LoginDDT" time="1.420"/>
  <testcase classname="testCases.TC003_DDTLoginTest" name="verify_LoginDDT" time="6.463"/>
  <testcase classname="testCases.TC003_DDTLoginTest" name="verify_LoginDDT" time="21.030"/>
  <testcase classname="testCases.TC003_DDTLoginTest" name="verify_LoginDDT" time="21.124"/>
</testsuite> <!-- testCases.TC003_DDTLoginTest -->
